build/app/intermediates/manifest_merge_blame_file/release/manifest-merger-blame-release-report.txt
1<?xml version="1.0" encoding="utf-8"?>
2<manifest xmlns:android="http://schemas.android.com/apk/res/android"
3    package="com.example.admin_app"
4    android:versionCode="4001"
5    android:versionName="1.0.0" >
6
7    <uses-sdk
8        android:minSdkVersion="22"
8-->src/main/AndroidManifest.xml
9        android:targetSdkVersion="33" />
9-->src/main/AndroidManifest.xml
10    <!-- Although the *SdkVersion is captured in gradle build files, this is required for non gradle builds -->
11    <!-- <uses-sdk android:minSdkVersion="14"/> -->
12    <uses-permission android:name="android.permission.ACCESS_NETWORK_STATE" />
12-->[com.google.firebase:firebase-storage:20.3.0] AndroidManifest.xml:23:5-79
12-->[com.google.firebase:firebase-storage:20.3.0] AndroidManifest.xml:23:22-76
13    <uses-permission android:name="android.permission.INTERNET" />
13-->[com.google.firebase:firebase-storage:20.3.0] AndroidManifest.xml:24:5-67
13-->[com.google.firebase:firebase-storage:20.3.0] AndroidManifest.xml:24:22-64
14
15    <permission
15-->[androidx.core:core:1.10.1] AndroidManifest.xml:22:5-24:47
16        android:name="com.example.admin_app.DYNAMIC_RECEIVER_NOT_EXPORTED_PERMISSION"
16-->[androidx.core:core:1.10.1] AndroidManifest.xml:23:9-81
17        android:protectionLevel="signature" />
17-->[androidx.core:core:1.10.1] AndroidManifest.xml:24:9-44
18
19    <uses-permission android:name="com.example.admin_app.DYNAMIC_RECEIVER_NOT_EXPORTED_PERMISSION" />
19-->[androidx.core:core:1.10.1] AndroidManifest.xml:26:5-97
19-->[androidx.core:core:1.10.1] AndroidManifest.xml:26:22-94
20
21    <application
22        android:name="android.app.Application"
22-->src/main/AndroidManifest.xml:4:9-42
23        android:appComponentFactory="androidx.core.app.CoreComponentFactory"
23-->[androidx.core:core:1.10.1] AndroidManifest.xml:28:18-86
24        android:icon="@mipmap/ic_launcher"
24-->src/main/AndroidManifest.xml:5:9-43
25        android:label="admin_app" >
25-->src/main/AndroidManifest.xml:3:9-34
26        <activity
26-->src/main/AndroidManifest.xml:6:9-26:20
27            android:name="com.example.admin_app.MainActivity"
27-->src/main/AndroidManifest.xml:7:13-41
28            android:configChanges="orientation|keyboardHidden|keyboard|screenSize|smallestScreenSize|locale|layoutDirection|fontScale|screenLayout|density|uiMode"
28-->src/main/AndroidManifest.xml:11:13-163
29            android:exported="true"
29-->src/main/AndroidManifest.xml:8:13-36
30            android:hardwareAccelerated="true"
30-->src/main/AndroidManifest.xml:12:13-47
31            android:launchMode="singleTop"
31-->src/main/AndroidManifest.xml:9:13-43
32            android:theme="@style/LaunchTheme"
32-->src/main/AndroidManifest.xml:10:13-47
33            android:windowSoftInputMode="adjustResize" >
33-->src/main/AndroidManifest.xml:13:13-55
34
35            <!--
36                 Specifies an Android theme to apply to this Activity as soon as
37                 the Android process has started. This theme is visible to the user
38                 while the Flutter UI initializes. After that, this theme continues
39                 to determine the Window background behind the Flutter UI.
40            -->
41            <meta-data
41-->src/main/AndroidManifest.xml:18:13-21:17
42                android:name="io.flutter.embedding.android.NormalTheme"
42-->src/main/AndroidManifest.xml:19:15-70
43                android:resource="@style/NormalTheme" />
43-->src/main/AndroidManifest.xml:20:15-52
44
45            <intent-filter>
45-->src/main/AndroidManifest.xml:22:13-25:29
46                <action android:name="android.intent.action.MAIN" />
46-->src/main/AndroidManifest.xml:23:17-68
46-->src/main/AndroidManifest.xml:23:25-66
47
48                <category android:name="android.intent.category.LAUNCHER" />
48-->src/main/AndroidManifest.xml:24:17-76
48-->src/main/AndroidManifest.xml:24:27-74
49            </intent-filter>
50        </activity>
51        <!--
52             Don't delete the meta-data below.
53             This is used by the Flutter tool to generate GeneratedPluginRegistrant.java
54        -->
55        <meta-data
55-->src/main/AndroidManifest.xml:29:9-31:33
56            android:name="flutterEmbedding"
56-->src/main/AndroidManifest.xml:30:13-44
57            android:value="2" />
57-->src/main/AndroidManifest.xml:31:13-30
58
59        <service
59-->[:firebase_storage] AndroidManifest.xml:10:9-14:19
60            android:name="com.google.firebase.components.ComponentDiscoveryService"
60-->[:firebase_storage] AndroidManifest.xml:10:18-89
61            android:directBootAware="true"
61-->[com.google.firebase:firebase-common:20.4.3] AndroidManifest.xml:32:13-43
62            android:exported="false" >
62-->[com.google.firebase:firebase-storage:20.3.0] AndroidManifest.xml:29:13-37
63            <meta-data
63-->[:firebase_storage] AndroidManifest.xml:11:13-13:85
64                android:name="com.google.firebase.components:io.flutter.plugins.firebase.storage.FlutterFirebaseAppRegistrar"
64-->[:firebase_storage] AndroidManifest.xml:12:17-126
65                android:value="com.google.firebase.components.ComponentRegistrar" />
65-->[:firebase_storage] AndroidManifest.xml:13:17-82
66            <meta-data
66-->[:cloud_firestore] AndroidManifest.xml:11:13-13:85
67                android:name="com.google.firebase.components:io.flutter.plugins.firebase.firestore.FlutterFirebaseFirestoreRegistrar"
67-->[:cloud_firestore] AndroidManifest.xml:12:17-134
68                android:value="com.google.firebase.components.ComponentRegistrar" />
68-->[:cloud_firestore] AndroidManifest.xml:13:17-82
69            <meta-data
69-->[:firebase_core] AndroidManifest.xml:11:13-13:85
70                android:name="com.google.firebase.components:io.flutter.plugins.firebase.core.FlutterFirebaseCoreRegistrar"
70-->[:firebase_core] AndroidManifest.xml:12:17-124
71                android:value="com.google.firebase.components.ComponentRegistrar" />
71-->[:firebase_core] AndroidManifest.xml:13:17-82
72            <meta-data
72-->[com.google.firebase:firebase-storage:20.3.0] AndroidManifest.xml:30:13-32:85
73                android:name="com.google.firebase.components:com.google.firebase.storage.FirebaseStorageKtxRegistrar"
73-->[com.google.firebase:firebase-storage:20.3.0] AndroidManifest.xml:31:17-118
74                android:value="com.google.firebase.components.ComponentRegistrar" />
74-->[com.google.firebase:firebase-storage:20.3.0] AndroidManifest.xml:32:17-82
75            <meta-data
75-->[com.google.firebase:firebase-storage:20.3.0] AndroidManifest.xml:33:13-35:85
76                android:name="com.google.firebase.components:com.google.firebase.storage.StorageRegistrar"
76-->[com.google.firebase:firebase-storage:20.3.0] AndroidManifest.xml:34:17-107
77                android:value="com.google.firebase.components.ComponentRegistrar" />
77-->[com.google.firebase:firebase-storage:20.3.0] AndroidManifest.xml:35:17-82
78            <meta-data
78-->[com.google.firebase:firebase-firestore:24.11.1] AndroidManifest.xml:17:13-19:85
79                android:name="com.google.firebase.components:com.google.firebase.firestore.FirebaseFirestoreKtxRegistrar"
79-->[com.google.firebase:firebase-firestore:24.11.1] AndroidManifest.xml:18:17-122
80                android:value="com.google.firebase.components.ComponentRegistrar" />
80-->[com.google.firebase:firebase-firestore:24.11.1] AndroidManifest.xml:19:17-82
81            <meta-data
81-->[com.google.firebase:firebase-firestore:24.11.1] AndroidManifest.xml:20:13-22:85
82                android:name="com.google.firebase.components:com.google.firebase.firestore.FirestoreRegistrar"
82-->[com.google.firebase:firebase-firestore:24.11.1] AndroidManifest.xml:21:17-111
83                android:value="com.google.firebase.components.ComponentRegistrar" />
83-->[com.google.firebase:firebase-firestore:24.11.1] AndroidManifest.xml:22:17-82
84            <meta-data
84-->[com.google.firebase:firebase-appcheck:17.1.2] AndroidManifest.xml:25:13-27:85
85                android:name="com.google.firebase.components:com.google.firebase.appcheck.FirebaseAppCheckKtxRegistrar"
85-->[com.google.firebase:firebase-appcheck:17.1.2] AndroidManifest.xml:26:17-120
86                android:value="com.google.firebase.components.ComponentRegistrar" />
86-->[com.google.firebase:firebase-appcheck:17.1.2] AndroidManifest.xml:27:17-82
87            <meta-data
87-->[com.google.firebase:firebase-appcheck:17.1.2] AndroidManifest.xml:28:13-30:85
88                android:name="com.google.firebase.components:com.google.firebase.appcheck.FirebaseAppCheckRegistrar"
88-->[com.google.firebase:firebase-appcheck:17.1.2] AndroidManifest.xml:29:17-117
89                android:value="com.google.firebase.components.ComponentRegistrar" />
89-->[com.google.firebase:firebase-appcheck:17.1.2] AndroidManifest.xml:30:17-82
90            <meta-data
90-->[com.google.firebase:firebase-common-ktx:20.4.3] AndroidManifest.xml:12:13-14:85
91                android:name="com.google.firebase.components:com.google.firebase.ktx.FirebaseCommonLegacyRegistrar"
91-->[com.google.firebase:firebase-common-ktx:20.4.3] AndroidManifest.xml:13:17-116
92                android:value="com.google.firebase.components.ComponentRegistrar" />
92-->[com.google.firebase:firebase-common-ktx:20.4.3] AndroidManifest.xml:14:17-82
93            <meta-data
93-->[com.google.firebase:firebase-common:20.4.3] AndroidManifest.xml:35:13-37:85
94                android:name="com.google.firebase.components:com.google.firebase.FirebaseCommonKtxRegistrar"
94-->[com.google.firebase:firebase-common:20.4.3] AndroidManifest.xml:36:17-109
95                android:value="com.google.firebase.components.ComponentRegistrar" />
95-->[com.google.firebase:firebase-common:20.4.3] AndroidManifest.xml:37:17-82
96        </service>
97
98        <provider
98-->[:image_picker_android] AndroidManifest.xml:10:9-18:20
99            android:name="io.flutter.plugins.imagepicker.ImagePickerFileProvider"
99-->[:image_picker_android] AndroidManifest.xml:11:13-82
100            android:authorities="com.example.admin_app.flutter.image_provider"
100-->[:image_picker_android] AndroidManifest.xml:12:13-74
101            android:exported="false"
101-->[:image_picker_android] AndroidManifest.xml:13:13-37
102            android:grantUriPermissions="true" >
102-->[:image_picker_android] AndroidManifest.xml:14:13-47
103            <meta-data
103-->[:image_picker_android] AndroidManifest.xml:15:13-17:75
104                android:name="android.support.FILE_PROVIDER_PATHS"
104-->[:image_picker_android] AndroidManifest.xml:16:17-67
105                android:resource="@xml/flutter_image_picker_file_paths" />
105-->[:image_picker_android] AndroidManifest.xml:17:17-72
106        </provider>
107        <provider
107-->[com.google.firebase:firebase-common:20.4.3] AndroidManifest.xml:23:9-28:39
108            android:name="com.google.firebase.provider.FirebaseInitProvider"
108-->[com.google.firebase:firebase-common:20.4.3] AndroidManifest.xml:24:13-77
109            android:authorities="com.example.admin_app.firebaseinitprovider"
109-->[com.google.firebase:firebase-common:20.4.3] AndroidManifest.xml:25:13-72
110            android:directBootAware="true"
110-->[com.google.firebase:firebase-common:20.4.3] AndroidManifest.xml:26:13-43
111            android:exported="false"
111-->[com.google.firebase:firebase-common:20.4.3] AndroidManifest.xml:27:13-37
112            android:initOrder="100" />
112-->[com.google.firebase:firebase-common:20.4.3] AndroidManifest.xml:28:13-36
113
114        <activity
114-->[com.google.android.gms:play-services-base:18.1.0] AndroidManifest.xml:20:9-22:45
115            android:name="com.google.android.gms.common.api.GoogleApiActivity"
115-->[com.google.android.gms:play-services-base:18.1.0] AndroidManifest.xml:20:19-85
116            android:exported="false"
116-->[com.google.android.gms:play-services-base:18.1.0] AndroidManifest.xml:22:19-43
117            android:theme="@android:style/Theme.Translucent.NoTitleBar" />
117-->[com.google.android.gms:play-services-base:18.1.0] AndroidManifest.xml:21:19-78
118
119        <meta-data
119-->[com.google.android.gms:play-services-basement:18.3.0] AndroidManifest.xml:21:9-23:69
120            android:name="com.google.android.gms.version"
120-->[com.google.android.gms:play-services-basement:18.3.0] AndroidManifest.xml:22:13-58
121            android:value="@integer/google_play_services_version" />
121-->[com.google.android.gms:play-services-basement:18.3.0] AndroidManifest.xml:23:13-66
122
123        <uses-library
123-->[androidx.window:window:1.0.0-beta04] AndroidManifest.xml:25:9-27:40
124            android:name="androidx.window.extensions"
124-->[androidx.window:window:1.0.0-beta04] AndroidManifest.xml:26:13-54
125            android:required="false" />
125-->[androidx.window:window:1.0.0-beta04] AndroidManifest.xml:27:13-37
126        <uses-library
126-->[androidx.window:window:1.0.0-beta04] AndroidManifest.xml:28:9-30:40
127            android:name="androidx.window.sidecar"
127-->[androidx.window:window:1.0.0-beta04] AndroidManifest.xml:29:13-51
128            android:required="false" />
128-->[androidx.window:window:1.0.0-beta04] AndroidManifest.xml:30:13-37
129
130        <provider
130-->[androidx.profileinstaller:profileinstaller:1.3.0] AndroidManifest.xml:24:9-32:20
131            android:name="androidx.startup.InitializationProvider"
131-->[androidx.profileinstaller:profileinstaller:1.3.0] AndroidManifest.xml:25:13-67
132            android:authorities="com.example.admin_app.androidx-startup"
132-->[androidx.profileinstaller:profileinstaller:1.3.0] AndroidManifest.xml:26:13-68
133            android:exported="false" >
133-->[androidx.profileinstaller:profileinstaller:1.3.0] AndroidManifest.xml:27:13-37
134            <meta-data
134-->[androidx.profileinstaller:profileinstaller:1.3.0] AndroidManifest.xml:29:13-31:52
135                android:name="androidx.profileinstaller.ProfileInstallerInitializer"
135-->[androidx.profileinstaller:profileinstaller:1.3.0] AndroidManifest.xml:30:17-85
136                android:value="androidx.startup" />
136-->[androidx.profileinstaller:profileinstaller:1.3.0] AndroidManifest.xml:31:17-49
137        </provider>
138
139        <receiver
139-->[androidx.profileinstaller:profileinstaller:1.3.0] AndroidManifest.xml:34:9-52:20
140            android:name="androidx.profileinstaller.ProfileInstallReceiver"
140-->[androidx.profileinstaller:profileinstaller:1.3.0] AndroidManifest.xml:35:13-76
141            android:directBootAware="false"
141-->[androidx.profileinstaller:profileinstaller:1.3.0] AndroidManifest.xml:36:13-44
142            android:enabled="true"
142-->[androidx.profileinstaller:profileinstaller:1.3.0] AndroidManifest.xml:37:13-35
143            android:exported="true"
143-->[androidx.profileinstaller:profileinstaller:1.3.0] AndroidManifest.xml:38:13-36
144            android:permission="android.permission.DUMP" >
144-->[androidx.profileinstaller:profileinstaller:1.3.0] AndroidManifest.xml:39:13-57
145            <intent-filter>
145-->[androidx.profileinstaller:profileinstaller:1.3.0] AndroidManifest.xml:40:13-42:29
146                <action android:name="androidx.profileinstaller.action.INSTALL_PROFILE" />
146-->[androidx.profileinstaller:profileinstaller:1.3.0] AndroidManifest.xml:41:17-91
146-->[androidx.profileinstaller:profileinstaller:1.3.0] AndroidManifest.xml:41:25-88
147            </intent-filter>
148            <intent-filter>
148-->[androidx.profileinstaller:profileinstaller:1.3.0] AndroidManifest.xml:43:13-45:29
149                <action android:name="androidx.profileinstaller.action.SKIP_FILE" />
149-->[androidx.profileinstaller:profileinstaller:1.3.0] AndroidManifest.xml:44:17-85
149-->[androidx.profileinstaller:profileinstaller:1.3.0] AndroidManifest.xml:44:25-82
150            </intent-filter>
151            <intent-filter>
151-->[androidx.profileinstaller:profileinstaller:1.3.0] AndroidManifest.xml:46:13-48:29
152                <action android:name="androidx.profileinstaller.action.SAVE_PROFILE" />
152-->[androidx.profileinstaller:profileinstaller:1.3.0] AndroidManifest.xml:47:17-88
152-->[androidx.profileinstaller:profileinstaller:1.3.0] AndroidManifest.xml:47:25-85
153            </intent-filter>
154            <intent-filter>
154-->[androidx.profileinstaller:profileinstaller:1.3.0] AndroidManifest.xml:49:13-51:29
155                <action android:name="androidx.profileinstaller.action.BENCHMARK_OPERATION" />
155-->[androidx.profileinstaller:profileinstaller:1.3.0] AndroidManifest.xml:50:17-95
155-->[androidx.profileinstaller:profileinstaller:1.3.0] AndroidManifest.xml:50:25-92
156            </intent-filter>
157        </receiver>
158    </application>
159
160</manifest>